  stdafx.cpp
  CBY_CharacterFrom.cpp
d:\hubsub\my_study\my_study\include\dx\cstd.h(2): warning C4005: '_CRT_SECURE_NO_WARNINGS': 매크로 재정의
  d:\hubsub\my_study\my_study\cby_projects\cby_charactertool\stdafx.cpp: note: '_CRT_SECURE_NO_WARNINGS'의 이전 정의를 참조하십시오.
  CBY_CharacterPane.cpp
d:\hubsub\my_study\my_study\include\dx\cstd.h(2): warning C4005: '_CRT_SECURE_NO_WARNINGS': 매크로 재정의
  d:\hubsub\my_study\my_study\cby_projects\cby_charactertool\stdafx.cpp: note: '_CRT_SECURE_NO_WARNINGS'의 이전 정의를 참조하십시오.
  CBY_CharacterTool.cpp
d:\hubsub\my_study\my_study\include\dx\cstd.h(2): warning C4005: '_CRT_SECURE_NO_WARNINGS': 매크로 재정의
  d:\hubsub\my_study\my_study\cby_projects\cby_charactertool\stdafx.cpp: note: '_CRT_SECURE_NO_WARNINGS'의 이전 정의를 참조하십시오.
  CBY_CharacterToolDoc.cpp
d:\hubsub\my_study\my_study\include\dx\cstd.h(2): warning C4005: '_CRT_SECURE_NO_WARNINGS': 매크로 재정의
  d:\hubsub\my_study\my_study\cby_projects\cby_charactertool\stdafx.cpp: note: '_CRT_SECURE_NO_WARNINGS'의 이전 정의를 참조하십시오.
  CBY_CharacterToolView.cpp
d:\hubsub\my_study\my_study\include\dx\cstd.h(2): warning C4005: '_CRT_SECURE_NO_WARNINGS': 매크로 재정의
  d:\hubsub\my_study\my_study\cby_projects\cby_charactertool\stdafx.cpp: note: '_CRT_SECURE_NO_WARNINGS'의 이전 정의를 참조하십시오.
  CBY_CharPSLform.cpp
d:\hubsub\my_study\my_study\include\dx\cstd.h(2): warning C4005: '_CRT_SECURE_NO_WARNINGS': 매크로 재정의
  d:\hubsub\my_study\my_study\cby_projects\cby_charactertool\stdafx.cpp: note: '_CRT_SECURE_NO_WARNINGS'의 이전 정의를 참조하십시오.
  CBY_CharPSLpane.cpp
d:\hubsub\my_study\my_study\include\dx\cstd.h(2): warning C4005: '_CRT_SECURE_NO_WARNINGS': 매크로 재정의
  d:\hubsub\my_study\my_study\cby_projects\cby_charactertool\stdafx.cpp: note: '_CRT_SECURE_NO_WARNINGS'의 이전 정의를 참조하십시오.
  CBY_CharSetPane.cpp
d:\hubsub\my_study\my_study\include\dx\cstd.h(2): warning C4005: '_CRT_SECURE_NO_WARNINGS': 매크로 재정의
  d:\hubsub\my_study\my_study\cby_projects\cby_charactertool\stdafx.cpp: note: '_CRT_SECURE_NO_WARNINGS'의 이전 정의를 참조하십시오.
  CBY_CharStateSet.cpp
d:\hubsub\my_study\my_study\include\dx\cstd.h(2): warning C4005: '_CRT_SECURE_NO_WARNINGS': 매크로 재정의
  d:\hubsub\my_study\my_study\cby_projects\cby_charactertool\stdafx.cpp: note: '_CRT_SECURE_NO_WARNINGS'의 이전 정의를 참조하십시오.
d:\hubsub\my_study\my_study\cby_projects\cby_charactertool\cby_charstateset.cpp(91): warning C4244: '인수': 'DWORD'에서 'float'(으)로 변환하면서 데이터가 손실될 수 있습니다.
d:\hubsub\my_study\my_study\cby_projects\cby_charactertool\cby_charstateset.cpp(192): warning C4244: '인수': 'int'에서 'float'(으)로 변환하면서 데이터가 손실될 수 있습니다.
d:\hubsub\my_study\my_study\cby_projects\cby_charactertool\cby_charstateset.cpp(214): warning C4244: '인수': 'int'에서 'float'(으)로 변환하면서 데이터가 손실될 수 있습니다.
  CBY_DataCtrl.cpp
d:\hubsub\my_study\my_study\include\dx\cstd.h(2): warning C4005: '_CRT_SECURE_NO_WARNINGS': 매크로 재정의
  d:\hubsub\my_study\my_study\cby_projects\cby_charactertool\stdafx.cpp: note: '_CRT_SECURE_NO_WARNINGS'의 이전 정의를 참조하십시오.
d:\hubsub\my_study\my_study\cby_projects\cby_charactertool\cby_datactrl.cpp(5): warning C4267: '=': 'size_t'에서 'DWORD'(으)로 변환하면서 데이터가 손실될 수 있습니다.
d:\hubsub\my_study\my_study\cby_projects\cby_charactertool\cby_datactrl.cpp(8): warning C4477: 'fwprintf' : 서식 문자열 '%d'에 'int' 형식의 인수가 필요하지만 variadic 인수 2의 형식이 'unsigned __int64'입니다.
  d:\hubsub\my_study\my_study\cby_projects\cby_charactertool\cby_datactrl.cpp(8): note: 서식 문자열에서 '%zd'을(를) 사용하는 것이 좋습니다.
d:\hubsub\my_study\my_study\cby_projects\cby_charactertool\cby_datactrl.cpp(8): warning C4477: 'fwprintf' : 서식 문자열 '%d'에 'int' 형식의 인수가 필요하지만 variadic 인수 3의 형식이 'unsigned __int64'입니다.
  d:\hubsub\my_study\my_study\cby_projects\cby_charactertool\cby_datactrl.cpp(8): note: 서식 문자열에서 '%zd'을(를) 사용하는 것이 좋습니다.
d:\hubsub\my_study\my_study\cby_projects\cby_charactertool\cby_datactrl.cpp(58): warning C4477: 'swscanf_s' : 서식 문자열 '%s'에 'unsigned int' 형식의 인수가 필요하지만 variadic 인수 2의 형식이 'unsigned __int64'입니다.
  d:\hubsub\my_study\my_study\cby_projects\cby_charactertool\cby_datactrl.cpp(58): note: 이 인수는 버퍼 크기로 사용됩니다.
d:\hubsub\my_study\my_study\cby_projects\cby_charactertool\cby_datactrl.cpp(68): warning C4477: 'swscanf_s' : 서식 문자열 '%s'에 'unsigned int' 형식의 인수가 필요하지만 variadic 인수 2의 형식이 'unsigned __int64'입니다.
  d:\hubsub\my_study\my_study\cby_projects\cby_charactertool\cby_datactrl.cpp(68): note: 이 인수는 버퍼 크기로 사용됩니다.
d:\hubsub\my_study\my_study\cby_projects\cby_charactertool\cby_datactrl.cpp(86): warning C4477: 'swscanf_s' : 서식 문자열 '%s'에 'unsigned int' 형식의 인수가 필요하지만 variadic 인수 2의 형식이 'unsigned __int64'입니다.
  d:\hubsub\my_study\my_study\cby_projects\cby_charactertool\cby_datactrl.cpp(86): note: 이 인수는 버퍼 크기로 사용됩니다.
  CBY_MTRStateSet.cpp
d:\hubsub\my_study\my_study\include\dx\cstd.h(2): warning C4005: '_CRT_SECURE_NO_WARNINGS': 매크로 재정의
  d:\hubsub\my_study\my_study\cby_projects\cby_charactertool\stdafx.cpp: note: '_CRT_SECURE_NO_WARNINGS'의 이전 정의를 참조하십시오.
  CBY_SetTabForm.cpp
d:\hubsub\my_study\my_study\include\dx\cstd.h(2): warning C4005: '_CRT_SECURE_NO_WARNINGS': 매크로 재정의
  d:\hubsub\my_study\my_study\cby_projects\cby_charactertool\stdafx.cpp: note: '_CRT_SECURE_NO_WARNINGS'의 이전 정의를 참조하십시오.
  CBY_SkyBox.cpp
d:\hubsub\my_study\my_study\include\dx\cstd.h(2): warning C4005: '_CRT_SECURE_NO_WARNINGS': 매크로 재정의
  d:\hubsub\my_study\my_study\cby_projects\cby_charactertool\stdafx.cpp: note: '_CRT_SECURE_NO_WARNINGS'의 이전 정의를 참조하십시오.
d:\hubsub\my_study\my_study\cby_projects\cby_charactertool\cby_skybox.cpp(12): warning C4101: 'str' :참조되지 않은 지역 변수입니다.
  CBY_ToolMain.cpp
d:\hubsub\my_study\my_study\include\dx\cstd.h(2): warning C4005: '_CRT_SECURE_NO_WARNINGS': 매크로 재정의
  d:\hubsub\my_study\my_study\cby_projects\cby_charactertool\stdafx.cpp: note: '_CRT_SECURE_NO_WARNINGS'의 이전 정의를 참조하십시오.
d:\hubsub\my_study\my_study\cby_projects\cby_charactertool\cby_toolmain.cpp(57): warning C4244: '인수': 'int'에서 'float'(으)로 변환하면서 데이터가 손실될 수 있습니다.
d:\hubsub\my_study\my_study\cby_projects\cby_charactertool\cby_toolmain.cpp(56): warning C4244: '인수': 'int'에서 'float'(으)로 변환하면서 데이터가 손실될 수 있습니다.
d:\hubsub\my_study\my_study\cby_projects\cby_charactertool\cby_toolmain.cpp(126): warning C4267: '초기화 중': 'size_t'에서 'int'(으)로 변환하면서 데이터가 손실될 수 있습니다.
d:\hubsub\my_study\my_study\cby_projects\cby_charactertool\cby_toolmain.cpp(137): warning C4267: '초기화 중': 'size_t'에서 'int'(으)로 변환하면서 데이터가 손실될 수 있습니다.
d:\hubsub\my_study\my_study\cby_projects\cby_charactertool\cby_toolmain.cpp(175): warning C4244: '=': 'int'에서 'FLOAT'(으)로 변환하면서 데이터가 손실될 수 있습니다.
d:\hubsub\my_study\my_study\cby_projects\cby_charactertool\cby_toolmain.cpp(176): warning C4244: '=': 'int'에서 'FLOAT'(으)로 변환하면서 데이터가 손실될 수 있습니다.
d:\hubsub\my_study\my_study\cby_projects\cby_charactertool\cby_toolmain.cpp(301): warning C4244: '=': 'float'에서 'int'(으)로 변환하면서 데이터가 손실될 수 있습니다.
d:\hubsub\my_study\my_study\cby_projects\cby_charactertool\cby_toolmain.cpp(302): warning C4244: '=': 'float'에서 'int'(으)로 변환하면서 데이터가 손실될 수 있습니다.
d:\hubsub\my_study\my_study\cby_projects\cby_charactertool\cby_toolmain.cpp(307): warning C4244: '=': 'float'에서 'int'(으)로 변환하면서 데이터가 손실될 수 있습니다.
d:\hubsub\my_study\my_study\cby_projects\cby_charactertool\cby_toolmain.cpp(308): warning C4244: '=': 'float'에서 'int'(으)로 변환하면서 데이터가 손실될 수 있습니다.
d:\hubsub\my_study\my_study\cby_projects\cby_charactertool\cby_toolmain.cpp(364): warning C4244: '+=': 'double'에서 'float'(으)로 변환하면서 데이터가 손실될 수 있습니다.
  MainFrm.cpp
d:\hubsub\my_study\my_study\include\dx\cstd.h(2): warning C4005: '_CRT_SECURE_NO_WARNINGS': 매크로 재정의
  d:\hubsub\my_study\my_study\cby_projects\cby_charactertool\stdafx.cpp: note: '_CRT_SECURE_NO_WARNINGS'의 이전 정의를 참조하십시오.
  OutputWnd.cpp
  PropertiesWnd.cpp
d:\hubsub\my_study\my_study\include\dx\cstd.h(2): warning C4005: '_CRT_SECURE_NO_WARNINGS': 매크로 재정의
  d:\hubsub\my_study\my_study\cby_projects\cby_charactertool\stdafx.cpp: note: '_CRT_SECURE_NO_WARNINGS'의 이전 정의를 참조하십시오.
  코드를 생성하고 있습니다.
d:\hubsub\my_study\my_study\cby_projects\c_dxcore\c_skinobj.cpp(22): warning C4715: 'C_SkinObj::SkinCreate': 모든 제어 경로에서 값을 반환하지는 않습니다.
  3199 of 3964 functions (80.7%) were compiled, the rest were copied from previous compilation.
    2814 functions were new in current compilation
    101 functions had inline decision re-evaluated but remain unchanged
  코드를 생성했습니다.
  CBY_CharacterTool.vcxproj -> D:\HubSub\My_Study\My_Study\CBY_Projects\x64\Release\CBY_CharacterTool.exe
